<?xml version="1.0" encoding="UTF-8"?>
<!-- Generated by org.testng.reporters.JUnitReportReporter -->
<testsuite hostname="Pritam-h17" failures="0" tests="1" name="com.api.tests.LoginApiTest" time="2.697" errors="0" timestamp="2025-02-11T07:42:24 IST" skipped="0">
  <testcase classname="com.api.tests.LoginApiTest" name="login" time="2.697"/>
</testsuite> <!-- com.api.tests.LoginApiTest -->
