<?xml version="1.0" encoding="UTF-8"?>
<!-- Generated by org.testng.reporters.JUnitReportReporter -->
<testsuite hostname="Pritam-h17" failures="0" tests="1" name="com.api.tests.AccountCreationTest" time="2.636" errors="0" timestamp="2025-02-11T22:15:35 IST" skipped="0">
  <testcase classname="com.api.tests.AccountCreationTest" name="Account_Creation" time="2.636"/>
</testsuite> <!-- com.api.tests.AccountCreationTest -->
