<?xml version="1.0" encoding="UTF-8"?>
<!-- Generated by org.testng.reporters.JUnitReportReporter -->
<testsuite hostname="Pritam-h17" failures="0" tests="1" name="com.api.tests.ForgetPassword" time="1.596" errors="0" timestamp="2025-02-11T22:35:31 IST" skipped="0">
  <testcase classname="com.api.tests.ForgetPassword" name="ForgetPasswordTest" time="1.596"/>
</testsuite> <!-- com.api.tests.ForgetPassword -->
